#
# A fatal error has been detected by the Java Runtime Environment:
#
#  EXCEPTION_ACCESS_VIOLATION (0xc0000005) at pc=0x000000005178727b, pid=9952, tid=0x0000000000000a8c
#
# JRE version: Java(TM) SE Runtime Environment (8.0_202-b08) (build 1.8.0_202-b08)
# Java VM: Java HotSpot(TM) 64-Bit Server VM (25.202-b08 mixed mode windows-amd64 compressed oops)
# Problematic frame:
# V  [jvm.dll+0x4c727b]
#
# Failed to write core dump. Minidumps are not enabled by default on client versions of Windows
#
# If you would like to submit a bug report, please visit:
#   http://bugreport.java.com/bugreport/crash.jsp
#

---------------  T H R E A D  ---------------

Current thread (0x0000000018fde000):  JavaThread "C2 CompilerThread0" daemon [_thread_in_native, id=2700, stack(0x00000000193b0000,0x00000000194b0000)]

siginfo: ExceptionCode=0xc0000005, reading address 0x00000000000000f6

Registers:
RAX=0x0000000000000002, RBX=0x0000000000000b0f, RCX=0x0000000000002000, RDX=0x0000000000002000
RSP=0x00000000194ab850, RBP=0x00000000194abd50, RSI=0x00000000194abd70, RDI=0x00000000000000de
R8 =0x00000000216e6030, R9 =0x0000000000000000, R10=0x0000000019282b70, R11=0x0000000000000000
R12=0x00000000194ab8f8, R13=0x00000000194ab968, R14=0x0000000019d01048, R15=0x0000000000000000
RIP=0x000000005178727b, EFLAGS=0x0000000000010287

Top of Stack: (sp=0x00000000194ab850)
0x00000000194ab850:   0000000000000e09 0000000000000018
0x00000000194ab860:   00000000194ab918 00000000194ab8f8
0x00000000194ab870:   0000000019ff28f0 000000001788f680
0x00000000194ab880:   0000000000000023 0000000000000002
0x00000000194ab890:   0000000019082450 000000001903f480
0x00000000194ab8a0:   000000001788f680 00000000194abd50
0x00000000194ab8b0:   00000000194ab9c0 000000005178948b
0x00000000194ab8c0:   00000000194abd50 00000000194ab918
0x00000000194ab8d0:   0000000000000002 00000000194ab968
0x00000000194ab8e0:   000000001903f4d0 0000000019047468
0x00000000194ab8f0:   00000000000a81f8 000000001788f680
0x00000000194ab900:   0000000000000200 00000000191d9b90
0x00000000194ab910:   0000000000000133 000000005193eed8
0x00000000194ab920:   000000001788f680 00007ffe00000100
0x00000000194ab930:   00000000191d9790 0000000000000023
0x00000000194ab940:   000000001903f480 000000001788f680 

Instructions: (pc=0x000000005178727b)
0x000000005178725b:   48 8b 7e 10 48 83 3c df 00 74 0e 3b d9 73 06 48
0x000000005178726b:   8b 3c df eb 0b 33 ff eb 07 48 8b bd 90 09 00 00
0x000000005178727b:   48 83 7f 18 00 75 1b 48 8b 3f 3b d9 72 0a 8b d3
0x000000005178728b:   48 8b ce e8 dd ae 04 00 48 8b 46 10 48 89 3c d8 


Register to memory mapping:

RAX=0x0000000000000002 is an unknown value
RBX=0x0000000000000b0f is an unknown value
RCX=0x0000000000002000 is an unknown value
RDX=0x0000000000002000 is an unknown value
RSP=0x00000000194ab850 is pointing into the stack for thread: 0x0000000018fde000
RBP=0x00000000194abd50 is pointing into the stack for thread: 0x0000000018fde000
RSI=0x00000000194abd70 is pointing into the stack for thread: 0x0000000018fde000
RDI=0x00000000000000de is an unknown value
R8 =0x00000000216e6030 is an unknown value
R9 =0x0000000000000000 is an unknown value
R10=0x0000000019282b70 is an unknown value
R11=0x0000000000000000 is an unknown value
R12=0x00000000194ab8f8 is pointing into the stack for thread: 0x0000000018fde000
R13=0x00000000194ab968 is pointing into the stack for thread: 0x0000000018fde000
R14=0x0000000019d01048 is an unknown value
R15=0x0000000000000000 is an unknown value


Stack: [0x00000000193b0000,0x00000000194b0000],  sp=0x00000000194ab850,  free space=1006k
Native frames: (J=compiled Java code, j=interpreted, Vv=VM code, C=native code)
V  [jvm.dll+0x4c727b]
V  [jvm.dll+0x4c948b]
V  [jvm.dll+0x479419]
V  [jvm.dll+0x47a6f3]
V  [jvm.dll+0x45d002]
V  [jvm.dll+0xa6ca2]
V  [jvm.dll+0xa75ef]
V  [jvm.dll+0x24672f]
V  [jvm.dll+0x29fc6a]
C  [msvcr100.dll+0x21d9f]
C  [msvcr100.dll+0x21e3b]
C  [KERNEL32.DLL+0x17034]
C  [ntdll.dll+0x52651]


Current CompileTask:
C2:   3906 1784       4       com.sun.javafx.css.StyleManager$Cache::getStyleMap (400 bytes)


---------------  P R O C E S S  ---------------

Java Threads: ( => current thread )
  0x0000000019dd9800 JavaThread "Prism Font Disposer" daemon [_thread_blocked, id=3176, stack(0x0000000020ca0000,0x0000000020da0000)]
  0x0000000019a35800 JavaThread "Thread-3" daemon [_thread_in_native, id=1160, stack(0x000000001f150000,0x000000001f250000)]
  0x0000000019a28800 JavaThread "JavaFX-Launcher" [_thread_blocked, id=10048, stack(0x000000001f250000,0x000000001f350000)]
  0x0000000019952000 JavaThread "JavaFX Application Thread" [_thread_in_vm, id=5460, stack(0x000000001a770000,0x000000001a870000)]
  0x0000000019951000 JavaThread "Thread-1" daemon [_thread_blocked, id=7092, stack(0x000000001a670000,0x000000001a770000)]
  0x000000001997f800 JavaThread "QuantumRenderer-0" daemon [_thread_blocked, id=8480, stack(0x000000001a310000,0x000000001a410000)]
  0x000000001907b800 JavaThread "Service Thread" daemon [_thread_blocked, id=9100, stack(0x00000000196b0000,0x00000000197b0000)]
  0x0000000018fe9800 JavaThread "C1 CompilerThread2" daemon [_thread_blocked, id=6348, stack(0x00000000195b0000,0x00000000196b0000)]
  0x0000000018fdf000 JavaThread "C2 CompilerThread1" daemon [_thread_in_native, id=9076, stack(0x00000000194b0000,0x00000000195b0000)]
=>0x0000000018fde000 JavaThread "C2 CompilerThread0" daemon [_thread_in_native, id=2700, stack(0x00000000193b0000,0x00000000194b0000)]
  0x0000000018f47800 JavaThread "Monitor Ctrl-Break" daemon [_thread_in_native, id=9404, stack(0x00000000192b0000,0x00000000193b0000)]
  0x0000000017855800 JavaThread "Attach Listener" daemon [_thread_blocked, id=7808, stack(0x0000000018db0000,0x0000000018eb0000)]
  0x0000000017854000 JavaThread "Signal Dispatcher" daemon [_thread_blocked, id=2272, stack(0x0000000018cb0000,0x0000000018db0000)]
  0x0000000002cec800 JavaThread "Finalizer" daemon [_thread_blocked, id=8456, stack(0x0000000018ab0000,0x0000000018bb0000)]
  0x0000000002ce3000 JavaThread "Reference Handler" daemon [_thread_blocked, id=10024, stack(0x00000000189b0000,0x0000000018ab0000)]
  0x0000000002bf3800 JavaThread "main" [_thread_blocked, id=4948, stack(0x0000000002940000,0x0000000002a40000)]

Other Threads:
  0x0000000017818000 VMThread [stack: 0x00000000188b0000,0x00000000189b0000] [id=7556]
  0x00000000190c7000 WatcherThread [stack: 0x00000000197b0000,0x00000000198b0000] [id=9896]

VM state:not at safepoint (normal execution)

VM Mutex/Monitor currently owned by a thread:  ([mutex/lock_event])
[0x0000000002bf08d0] SystemDictionary_lock - owner thread: 0x0000000000000000

heap address: 0x0000000081c00000, size: 2020 MB, Compressed Oops mode: 32-bit
Narrow klass base: 0x0000000000000000, Narrow klass shift: 3
Compressed class space size: 1073741824 Address: 0x0000000100000000

Heap:
 PSYoungGen      total 38400K, used 17084K [0x00000000d5f00000, 0x00000000d8980000, 0x0000000100000000)
  eden space 33280K, 35% used [0x00000000d5f00000,0x00000000d6aaf250,0x00000000d7f80000)
  from space 5120K, 99% used [0x00000000d8480000,0x00000000d897fe10,0x00000000d8980000)
  to   space 5120K, 0% used [0x00000000d7f80000,0x00000000d7f80000,0x00000000d8480000)
 ParOldGen       total 87552K, used 18178K [0x0000000081c00000, 0x0000000087180000, 0x00000000d5f00000)
  object space 87552K, 20% used [0x0000000081c00000,0x0000000082dc0808,0x0000000087180000)
 Metaspace       used 17357K, capacity 18054K, committed 18304K, reserved 1064960K
  class space    used 2440K, capacity 2636K, committed 2688K, reserved 1048576K

Card table byte_map: [0x00000000120b0000,0x00000000124b0000] byte_map_base: 0x0000000011ca2000

Marking Bits: (ParMarkBitMap*) 0x0000000051ae5ce0
 Begin Bits: [0x0000000012b60000, 0x0000000014af0000)
 End Bits:   [0x0000000014af0000, 0x0000000016a80000)

Polling page: 0x0000000001160000

CodeCache: size=245760Kb used=6541Kb max_used=6565Kb free=239218Kb
 bounds [0x0000000002cf0000, 0x0000000003360000, 0x0000000011cf0000]
 total_blobs=2624 nmethods=2001 adapters=535
 compilation: enabled

Compilation events (10 events):
Event: 3.835 Thread 0x0000000018fe9800 nmethod 1944 0x0000000003324a50 code [0x0000000003324ba0, 0x0000000003324e10]
Event: 3.835 Thread 0x0000000018fe9800 1946       3       javafx.scene.Node::getAutomaticOrientation (5 bytes)
Event: 3.835 Thread 0x0000000018fe9800 nmethod 1946 0x0000000003324e90 code [0x0000000003324fe0, 0x0000000003325110]
Event: 3.835 Thread 0x0000000018fe9800 1945       3       javafx.scene.control.Labeled::getContentBias (15 bytes)
Event: 3.836 Thread 0x0000000018fe9800 nmethod 1945 0x0000000003325190 code [0x0000000003325320, 0x0000000003325908]
Event: 3.836 Thread 0x0000000018fe9800 1947       3       javafx.scene.text.Text::getBoundsType (24 bytes)
Event: 3.836 Thread 0x0000000018fe9800 nmethod 1947 0x0000000003325ad0 code [0x0000000003325c80, 0x00000000033262d8]
Event: 3.836 Thread 0x0000000018fe9800 1948       3       sun.net.www.ParseUtil::encodePath (336 bytes)
Event: 3.838 Thread 0x0000000018fe9800 nmethod 1948 0x00000000033264d0 code [0x0000000003326740, 0x0000000003327738]
Event: 3.838 Thread 0x0000000018fe9800 1949       3       javafx.beans.property.ReadOnlyDoubleWrapper$ReadOnlyPropertyImpl::get (8 bytes)

GC Heap History (4 events):
Event: 1.618 GC heap before
{Heap before GC invocations=1 (full 0):
 PSYoungGen      total 38400K, used 29829K [0x00000000d5f00000, 0x00000000d8980000, 0x0000000100000000)
  eden space 33280K, 89% used [0x00000000d5f00000,0x00000000d7c21498,0x00000000d7f80000)
  from space 5120K, 0% used [0x00000000d8480000,0x00000000d8480000,0x00000000d8980000)
  to   space 5120K, 0% used [0x00000000d7f80000,0x00000000d7f80000,0x00000000d8480000)
 ParOldGen       total 87552K, used 0K [0x0000000081c00000, 0x0000000087180000, 0x00000000d5f00000)
  object space 87552K, 0% used [0x0000000081c00000,0x0000000081c00000,0x0000000087180000)
 Metaspace       used 11758K, capacity 12148K, committed 12416K, reserved 1060864K
  class space    used 1501K, capacity 1633K, committed 1664K, reserved 1048576K
Event: 1.627 GC heap after
Heap after GC invocations=1 (full 0):
 PSYoungGen      total 38400K, used 5095K [0x00000000d5f00000, 0x00000000d8980000, 0x0000000100000000)
  eden space 33280K, 0% used [0x00000000d5f00000,0x00000000d5f00000,0x00000000d7f80000)
  from space 5120K, 99% used [0x00000000d7f80000,0x00000000d8479f30,0x00000000d8480000)
  to   space 5120K, 0% used [0x00000000d8480000,0x00000000d8480000,0x00000000d8980000)
 ParOldGen       total 87552K, used 812K [0x0000000081c00000, 0x0000000087180000, 0x00000000d5f00000)
  object space 87552K, 0% used [0x0000000081c00000,0x0000000081ccb2a0,0x0000000087180000)
 Metaspace       used 11758K, capacity 12148K, committed 12416K, reserved 1060864K
  class space    used 1501K, capacity 1633K, committed 1664K, reserved 1048576K
}
Event: 3.295 GC heap before
{Heap before GC invocations=2 (full 0):
 PSYoungGen      total 38400K, used 38375K [0x00000000d5f00000, 0x00000000d8980000, 0x0000000100000000)
  eden space 33280K, 100% used [0x00000000d5f00000,0x00000000d7f80000,0x00000000d7f80000)
  from space 5120K, 99% used [0x00000000d7f80000,0x00000000d8479f30,0x00000000d8480000)
  to   space 5120K, 0% used [0x00000000d8480000,0x00000000d8480000,0x00000000d8980000)
 ParOldGen       total 87552K, used 812K [0x0000000081c00000, 0x0000000087180000, 0x00000000d5f00000)
  object space 87552K, 0% used [0x0000000081c00000,0x0000000081ccb2a0,0x0000000087180000)
 Metaspace       used 15670K, capacity 16226K, committed 16384K, reserved 1062912K
  class space    used 2121K, capacity 2302K, committed 2304K, reserved 1048576K
Event: 3.313 GC heap after
Heap after GC invocations=2 (full 0):
 PSYoungGen      total 38400K, used 5119K [0x00000000d5f00000, 0x00000000d8980000, 0x0000000100000000)
  eden space 33280K, 0% used [0x00000000d5f00000,0x00000000d5f00000,0x00000000d7f80000)
  from space 5120K, 99% used [0x00000000d8480000,0x00000000d897fe10,0x00000000d8980000)
  to   space 5120K, 0% used [0x00000000d7f80000,0x00000000d7f80000,0x00000000d8480000)
 ParOldGen       total 87552K, used 18178K [0x0000000081c00000, 0x0000000087180000, 0x00000000d5f00000)
  object space 87552K, 20% used [0x0000000081c00000,0x0000000082dc0808,0x0000000087180000)
 Metaspace       used 15670K, capacity 16226K, committed 16384K, reserved 1062912K
  class space    used 2121K, capacity 2302K, committed 2304K, reserved 1048576K
}

Deoptimization events (10 events):
Event: 3.410 Thread 0x0000000019952000 Uncommon trap: reason=unstable_if action=reinterpret pc=0x00000000031fd8f0 method=com.sun.javafx.css.CompoundSelector.applies(Ljavafx/css/Styleable;[Ljava/util/Set;I)Z @ 74
Event: 3.426 Thread 0x0000000019952000 Uncommon trap: reason=unstable_if action=reinterpret pc=0x00000000030ab4a0 method=javafx.beans.property.ObjectPropertyBase.get()Ljava/lang/Object; @ 9
Event: 3.528 Thread 0x0000000019952000 Uncommon trap: reason=unstable_if action=reinterpret pc=0x0000000002df4180 method=java.lang.CharacterData.of(I)Ljava/lang/CharacterData; @ 4
Event: 3.567 Thread 0x0000000019952000 Uncommon trap: reason=class_check action=maybe_recompile pc=0x00000000030775b8 method=java.util.HashMap.putVal(ILjava/lang/Object;Ljava/lang/Object;ZZ)Ljava/lang/Object; @ 203
Event: 3.567 Thread 0x0000000019952000 Uncommon trap: reason=class_check action=maybe_recompile pc=0x00000000030775b8 method=java.util.HashMap.putVal(ILjava/lang/Object;Ljava/lang/Object;ZZ)Ljava/lang/Object; @ 203
Event: 3.567 Thread 0x0000000019952000 Uncommon trap: reason=class_check action=maybe_recompile pc=0x00000000030775b8 method=java.util.HashMap.putVal(ILjava/lang/Object;Ljava/lang/Object;ZZ)Ljava/lang/Object; @ 203
Event: 3.567 Thread 0x0000000019952000 Uncommon trap: reason=class_check action=maybe_recompile pc=0x00000000030775b8 method=java.util.HashMap.putVal(ILjava/lang/Object;Ljava/lang/Object;ZZ)Ljava/lang/Object; @ 203
Event: 3.606 Thread 0x0000000019952000 Uncommon trap: reason=unstable_if action=reinterpret pc=0x000000000304013c method=sun.net.www.ParseUtil.encodePath(Ljava/lang/String;Z)Ljava/lang/String; @ 109
Event: 3.608 Thread 0x0000000019952000 Uncommon trap: reason=unstable_if action=reinterpret pc=0x00000000031647bc method=java.lang.String.trim()Ljava/lang/String; @ 44
Event: 3.622 Thread 0x0000000019952000 Uncommon trap: reason=unstable_if action=reinterpret pc=0x00000000032577c8 method=com.sun.javafx.css.CompoundSelector.applies(Ljavafx/css/Styleable;I[Ljava/util/Set;I)Z @ 125

Classes redefined (0 events):
No events

Internal exceptions (10 events):
Event: 1.361 Thread 0x0000000019952000 Exception <a 'java/lang/ArrayIndexOutOfBoundsException'> (0x00000000d76cc7a8) thrown at [C:\re\workspace\8-2-build-windows-amd64-cygwin\jdk8u202\12323\hotspot\src\share\vm\runtime\sharedRuntime.cpp, line 605]
Event: 1.374 Thread 0x0000000019952000 Exception <a 'java/lang/ArrayIndexOutOfBoundsException'> (0x00000000d7723050) thrown at [C:\re\workspace\8-2-build-windows-amd64-cygwin\jdk8u202\12323\hotspot\src\share\vm\runtime\sharedRuntime.cpp, line 605]
Event: 2.346 Thread 0x0000000019952000 Exception <a 'java/lang/ArrayIndexOutOfBoundsException'> (0x00000000d6d73360) thrown at [C:\re\workspace\8-2-build-windows-amd64-cygwin\jdk8u202\12323\hotspot\src\share\vm\runtime\sharedRuntime.cpp, line 605]
Event: 2.348 Thread 0x0000000019952000 Exception <a 'java/lang/ArrayIndexOutOfBoundsException'> (0x00000000d6da7910) thrown at [C:\re\workspace\8-2-build-windows-amd64-cygwin\jdk8u202\12323\hotspot\src\share\vm\runtime\sharedRuntime.cpp, line 605]
Event: 2.564 Thread 0x0000000019952000 Implicit null exception at 0x0000000002f9ce75 to 0x0000000002f9d04d
Event: 2.564 Thread 0x0000000019952000 Implicit null exception at 0x0000000003077f5b to 0x0000000003078775
Event: 3.587 Thread 0x0000000019952000 Exception <a 'java/io/FileNotFoundException'> (0x00000000d64b4060) thrown at [C:\re\workspace\8-2-build-windows-amd64-cygwin\jdk8u202\12323\hotspot\src\share\vm\prims\jni.cpp, line 710]
Event: 3.588 Thread 0x0000000019952000 Exception <a 'java/io/FileNotFoundException'> (0x00000000d64de980) thrown at [C:\re\workspace\8-2-build-windows-amd64-cygwin\jdk8u202\12323\hotspot\src\share\vm\prims\jni.cpp, line 710]
Event: 3.589 Thread 0x0000000019952000 Exception <a 'java/io/FileNotFoundException'> (0x00000000d64e44f8) thrown at [C:\re\workspace\8-2-build-windows-amd64-cygwin\jdk8u202\12323\hotspot\src\share\vm\prims\jni.cpp, line 710]
Event: 3.589 Thread 0x0000000019952000 Exception <a 'java/io/FileNotFoundException'> (0x00000000d64e5770) thrown at [C:\re\workspace\8-2-build-windows-amd64-cygwin\jdk8u202\12323\hotspot\src\share\vm\prims\jni.cpp, line 710]

Events (10 events):
Event: 3.818 loading class javafx/scene/layout/GridPane$CompositeSize
Event: 3.818 loading class javafx/scene/layout/GridPane$CompositeSize done
Event: 3.835 loading class com/sun/javafx/scene/control/behavior/TextBinding
Event: 3.835 loading class com/sun/javafx/scene/control/behavior/TextBinding done
Event: 3.836 loading class com/sun/javafx/scene/control/behavior/TextBinding$MnemonicKeyCombination
Event: 3.836 loading class com/sun/javafx/scene/control/behavior/TextBinding$MnemonicKeyCombination done
Event: 3.837 loading class javafx/scene/shape/Rectangle$3
Event: 3.837 loading class javafx/scene/shape/Rectangle$3 done
Event: 3.838 loading class javafx/scene/shape/Rectangle$4
Event: 3.838 loading class javafx/scene/shape/Rectangle$4 done


Dynamic libraries:
0x00007ff74d3f0000 - 0x00007ff74d427000 	C:\Program Files\Java\jdk1.8.0_202\bin\java.exe
0x00007ffeb5130000 - 0x00007ffeb5325000 	C:\Windows\SYSTEM32\ntdll.dll
0x00007ffeb49b0000 - 0x00007ffeb4a6d000 	C:\Windows\System32\KERNEL32.DLL
0x00007ffeb2ae0000 - 0x00007ffeb2da8000 	C:\Windows\System32\KERNELBASE.dll
0x00007ffeb4480000 - 0x00007ffeb452c000 	C:\Windows\System32\ADVAPI32.dll
0x00007ffeb3740000 - 0x00007ffeb37de000 	C:\Windows\System32\msvcrt.dll
0x00007ffeb3270000 - 0x00007ffeb330b000 	C:\Windows\System32\sechost.dll
0x00007ffeb39a0000 - 0x00007ffeb3acb000 	C:\Windows\System32\RPCRT4.dll
0x00007ffeb3530000 - 0x00007ffeb36d0000 	C:\Windows\System32\USER32.dll
0x00007ffeb3120000 - 0x00007ffeb3142000 	C:\Windows\System32\win32u.dll
0x00007ffeb3ad0000 - 0x00007ffeb3afa000 	C:\Windows\System32\GDI32.dll
0x00007ffeb2de0000 - 0x00007ffeb2eeb000 	C:\Windows\System32\gdi32full.dll
0x00007ffeb2ef0000 - 0x00007ffeb2f8d000 	C:\Windows\System32\msvcp_win.dll
0x00007ffeb2f90000 - 0x00007ffeb3090000 	C:\Windows\System32\ucrtbase.dll
0x00007ffeb1c90000 - 0x00007ffeb1f2a000 	C:\Windows\WinSxS\amd64_microsoft.windows.common-controls_6595b64144ccf1df_6.0.19041.1052_none_60b8f8fd71f5e8cb\COMCTL32.dll
0x00007ffeb4ee0000 - 0x00007ffeb4f10000 	C:\Windows\System32\IMM32.DLL
0x0000000051b70000 - 0x0000000051c42000 	C:\Program Files\Java\jdk1.8.0_202\jre\bin\msvcr100.dll
0x00000000512c0000 - 0x0000000051b65000 	C:\Program Files\Java\jdk1.8.0_202\jre\bin\server\jvm.dll
0x00007ffeb36d0000 - 0x00007ffeb36d8000 	C:\Windows\System32\PSAPI.DLL
0x00007ffeafc50000 - 0x00007ffeafc59000 	C:\Windows\SYSTEM32\WSOCK32.dll
0x00007ffeb3840000 - 0x00007ffeb38ab000 	C:\Windows\System32\WS2_32.dll
0x00007ffea5880000 - 0x00007ffea58a7000 	C:\Windows\SYSTEM32\WINMM.dll
0x00007ffea5660000 - 0x00007ffea566a000 	C:\Windows\SYSTEM32\VERSION.dll
0x00007ffeadae0000 - 0x00007ffeadaef000 	C:\Program Files\Java\jdk1.8.0_202\jre\bin\verify.dll
0x00007ffeadab0000 - 0x00007ffeadad9000 	C:\Program Files\Java\jdk1.8.0_202\jre\bin\java.dll
0x00007ffe9e680000 - 0x00007ffe9e6a3000 	C:\Program Files\Java\jdk1.8.0_202\jre\bin\instrument.dll
0x00007ffeada90000 - 0x00007ffeadaa6000 	C:\Program Files\Java\jdk1.8.0_202\jre\bin\zip.dll
0x00007ffeb3b90000 - 0x00007ffeb42cf000 	C:\Windows\System32\SHELL32.dll
0x00007ffeb0360000 - 0x00007ffeb0af0000 	C:\Windows\SYSTEM32\windows.storage.dll
0x00007ffeb4650000 - 0x00007ffeb49a5000 	C:\Windows\System32\combase.dll
0x00007ffeb1bf0000 - 0x00007ffeb1c1c000 	C:\Windows\SYSTEM32\Wldp.dll
0x00007ffeb4f10000 - 0x00007ffeb4fbe000 	C:\Windows\System32\SHCORE.dll
0x00007ffeb37e0000 - 0x00007ffeb3835000 	C:\Windows\System32\shlwapi.dll
0x00007ffeb27b0000 - 0x00007ffeb27cf000 	C:\Windows\SYSTEM32\profapi.dll
0x00007ffeada40000 - 0x00007ffeada5a000 	C:\Users\Ejaz\AppData\Local\JetBrains\IntelliJ IDEA 2021.2\bin\breakgen64.dll
0x00007ffe9e3b0000 - 0x00007ffe9e3ca000 	C:\Program Files\Java\jdk1.8.0_202\jre\bin\net.dll
0x00007ffea3c30000 - 0x00007ffea3e1c000 	C:\Windows\SYSTEM32\urlmon.dll
0x00007ffea3f60000 - 0x00007ffea4210000 	C:\Windows\SYSTEM32\iertutil.dll
0x00007ffeb1980000 - 0x00007ffeb19ea000 	C:\Windows\system32\mswsock.dll
0x0000000002ac0000 - 0x0000000002ac3000 	C:\Program Files\Java\jdk1.8.0_202\jre\bin\api-ms-win-core-console-l1-1-0.dll
0x0000000002ad0000 - 0x0000000002ad3000 	C:\Program Files\Java\jdk1.8.0_202\jre\bin\api-ms-win-core-datetime-l1-1-0.dll
0x000000001a0b0000 - 0x000000001a0b3000 	C:\Program Files\Java\jdk1.8.0_202\jre\bin\api-ms-win-core-debug-l1-1-0.dll
0x000000001a0c0000 - 0x000000001a0c3000 	C:\Program Files\Java\jdk1.8.0_202\jre\bin\api-ms-win-core-errorhandling-l1-1-0.dll
0x000000001a0d0000 - 0x000000001a0d4000 	C:\Program Files\Java\jdk1.8.0_202\jre\bin\api-ms-win-core-file-l1-1-0.dll
0x000000001a0e0000 - 0x000000001a0e3000 	C:\Program Files\Java\jdk1.8.0_202\jre\bin\api-ms-win-core-file-l1-2-0.dll
0x000000001a0f0000 - 0x000000001a0f3000 	C:\Program Files\Java\jdk1.8.0_202\jre\bin\api-ms-win-core-file-l2-1-0.dll
0x000000001a100000 - 0x000000001a103000 	C:\Program Files\Java\jdk1.8.0_202\jre\bin\api-ms-win-core-handle-l1-1-0.dll
0x000000001a110000 - 0x000000001a113000 	C:\Program Files\Java\jdk1.8.0_202\jre\bin\api-ms-win-core-heap-l1-1-0.dll
0x000000001a120000 - 0x000000001a123000 	C:\Program Files\Java\jdk1.8.0_202\jre\bin\api-ms-win-core-interlocked-l1-1-0.dll
0x000000001a130000 - 0x000000001a133000 	C:\Program Files\Java\jdk1.8.0_202\jre\bin\api-ms-win-core-libraryloader-l1-1-0.dll
0x000000001a140000 - 0x000000001a143000 	C:\Program Files\Java\jdk1.8.0_202\jre\bin\api-ms-win-core-localization-l1-2-0.dll
0x000000001a150000 - 0x000000001a153000 	C:\Program Files\Java\jdk1.8.0_202\jre\bin\api-ms-win-core-memory-l1-1-0.dll
0x000000001a160000 - 0x000000001a163000 	C:\Program Files\Java\jdk1.8.0_202\jre\bin\api-ms-win-core-namedpipe-l1-1-0.dll
0x000000001a170000 - 0x000000001a173000 	C:\Program Files\Java\jdk1.8.0_202\jre\bin\api-ms-win-core-processenvironment-l1-1-0.dll
0x000000001a180000 - 0x000000001a183000 	C:\Program Files\Java\jdk1.8.0_202\jre\bin\api-ms-win-core-processthreads-l1-1-0.dll
0x000000001a190000 - 0x000000001a193000 	C:\Program Files\Java\jdk1.8.0_202\jre\bin\api-ms-win-core-processthreads-l1-1-1.dll
0x000000001a1a0000 - 0x000000001a1a3000 	C:\Program Files\Java\jdk1.8.0_202\jre\bin\api-ms-win-core-profile-l1-1-0.dll
0x000000001a1b0000 - 0x000000001a1b3000 	C:\Program Files\Java\jdk1.8.0_202\jre\bin\api-ms-win-core-rtlsupport-l1-1-0.dll
0x000000001a1c0000 - 0x000000001a1c3000 	C:\Program Files\Java\jdk1.8.0_202\jre\bin\api-ms-win-core-string-l1-1-0.dll
0x000000001a1d0000 - 0x000000001a1d3000 	C:\Program Files\Java\jdk1.8.0_202\jre\bin\api-ms-win-core-synch-l1-1-0.dll
0x000000001a1e0000 - 0x000000001a1e3000 	C:\Program Files\Java\jdk1.8.0_202\jre\bin\api-ms-win-core-synch-l1-2-0.dll
0x000000001a1f0000 - 0x000000001a1f3000 	C:\Program Files\Java\jdk1.8.0_202\jre\bin\api-ms-win-core-sysinfo-l1-1-0.dll
0x000000001a200000 - 0x000000001a203000 	C:\Program Files\Java\jdk1.8.0_202\jre\bin\api-ms-win-core-timezone-l1-1-0.dll
0x000000001a210000 - 0x000000001a213000 	C:\Program Files\Java\jdk1.8.0_202\jre\bin\api-ms-win-core-util-l1-1-0.dll
0x000000001a220000 - 0x000000001a223000 	C:\Program Files\Java\jdk1.8.0_202\jre\bin\api-ms-win-crt-conio-l1-1-0.dll
0x000000001a230000 - 0x000000001a234000 	C:\Program Files\Java\jdk1.8.0_202\jre\bin\api-ms-win-crt-convert-l1-1-0.dll
0x000000001a240000 - 0x000000001a243000 	C:\Program Files\Java\jdk1.8.0_202\jre\bin\api-ms-win-crt-environment-l1-1-0.dll
0x000000001a250000 - 0x000000001a253000 	C:\Program Files\Java\jdk1.8.0_202\jre\bin\api-ms-win-crt-filesystem-l1-1-0.dll
0x000000001a260000 - 0x000000001a263000 	C:\Program Files\Java\jdk1.8.0_202\jre\bin\api-ms-win-crt-heap-l1-1-0.dll
0x000000001a270000 - 0x000000001a273000 	C:\Program Files\Java\jdk1.8.0_202\jre\bin\api-ms-win-crt-locale-l1-1-0.dll
0x000000001a280000 - 0x000000001a285000 	C:\Program Files\Java\jdk1.8.0_202\jre\bin\api-ms-win-crt-math-l1-1-0.dll
0x000000001a290000 - 0x000000001a295000 	C:\Program Files\Java\jdk1.8.0_202\jre\bin\api-ms-win-crt-multibyte-l1-1-0.dll
0x000000001a2a0000 - 0x000000001a2b0000 	C:\Program Files\Java\jdk1.8.0_202\jre\bin\api-ms-win-crt-private-l1-1-0.dll
0x000000001a2b0000 - 0x000000001a2b3000 	C:\Program Files\Java\jdk1.8.0_202\jre\bin\api-ms-win-crt-process-l1-1-0.dll
0x000000001a2c0000 - 0x000000001a2c4000 	C:\Program Files\Java\jdk1.8.0_202\jre\bin\api-ms-win-crt-runtime-l1-1-0.dll
0x000000001a2d0000 - 0x000000001a2d4000 	C:\Program Files\Java\jdk1.8.0_202\jre\bin\api-ms-win-crt-stdio-l1-1-0.dll
0x000000001a2e0000 - 0x000000001a2e4000 	C:\Program Files\Java\jdk1.8.0_202\jre\bin\api-ms-win-crt-string-l1-1-0.dll
0x000000001a2f0000 - 0x000000001a2f3000 	C:\Program Files\Java\jdk1.8.0_202\jre\bin\api-ms-win-crt-time-l1-1-0.dll
0x000000001a300000 - 0x000000001a303000 	C:\Program Files\Java\jdk1.8.0_202\jre\bin\api-ms-win-crt-utility-l1-1-0.dll
0x00007ffe7ed70000 - 0x00007ffe7ee66000 	C:\Program Files\Java\jdk1.8.0_202\jre\bin\ucrtbase.dll
0x00007ffe9e370000 - 0x00007ffe9e386000 	C:\Program Files\Java\jdk1.8.0_202\jre\bin\vcruntime140.dll
0x00007ffe806e0000 - 0x00007ffe8077c000 	C:\Program Files\Java\jdk1.8.0_202\jre\bin\msvcp140.dll
0x00007ffe7fb10000 - 0x00007ffe7fb61000 	C:\Program Files\Java\jdk1.8.0_202\jre\bin\concrt140.dll
0x00007ffe9e340000 - 0x00007ffe9e363000 	C:\Program Files\Java\jdk1.8.0_202\jre\bin\prism_d3d.dll
0x00007ffe7e990000 - 0x00007ffe7eb5e000 	C:\Windows\system32\d3d9.dll
0x00007ffeafaa0000 - 0x00007ffeafab2000 	C:\Windows\SYSTEM32\kernel.appcore.dll
0x00007ffeaf6e0000 - 0x00007ffeaf70f000 	C:\Windows\SYSTEM32\dwmapi.dll
0x00007ffeaf570000 - 0x00007ffeaf60e000 	C:\Windows\system32\uxtheme.dll
0x00007ffe752c0000 - 0x00007ffe777fe000 	C:\Windows\SYSTEM32\igdumdim64.dll
0x00007ffeb31a0000 - 0x00007ffeb326d000 	C:\Windows\System32\OLEAUT32.dll
0x00007ffeb4fc0000 - 0x00007ffeb50ea000 	C:\Windows\System32\ole32.dll
0x00007ffeb4a70000 - 0x00007ffeb4ed9000 	C:\Windows\System32\SETUPAPI.dll
0x00007ffeb3150000 - 0x00007ffeb319e000 	C:\Windows\System32\cfgmgr32.dll
0x00007ffeb2db0000 - 0x00007ffeb2dd7000 	C:\Windows\System32\bcrypt.dll
0x00007ffe86ee0000 - 0x00007ffe86f29000 	C:\Program Files\Java\jdk1.8.0_202\jre\bin\glass.dll
0x00007ffeb38b0000 - 0x00007ffeb398a000 	C:\Windows\System32\COMDLG32.dll
0x00007ffeb4530000 - 0x00007ffeb4645000 	C:\Windows\System32\MSCTF.dll
0x00007ffeb3090000 - 0x00007ffeb3113000 	C:\Windows\System32\bcryptPrimitives.dll
0x00007ffea6c30000 - 0x00007ffea766f000 	C:\Windows\SYSTEM32\igdusc64.dll
0x00007ffea8790000 - 0x00007ffea87cb000 	C:\Windows\SYSTEM32\dxcore.dll
0x00007ffe9c4d0000 - 0x00007ffe9c4e4000 	C:\Program Files\Java\jdk1.8.0_202\jre\bin\javafx_font.dll
0x00007ffea19e0000 - 0x00007ffea1c5f000 	C:\Windows\SYSTEM32\dwrite.dll
0x00007ffe9a480000 - 0x00007ffe9a4a6000 	C:\Program Files\Java\jdk1.8.0_202\jre\bin\javafx_iio.dll
0x00007ffeb2600000 - 0x00007ffeb2618000 	C:\Windows\SYSTEM32\CRYPTSP.dll
0x00007ffeb1320000 - 0x00007ffeb1354000 	C:\Windows\system32\rsaenh.dll
0x00007ffeb2770000 - 0x00007ffeb279e000 	C:\Windows\SYSTEM32\USERENV.dll
0x00007ffeb1b50000 - 0x00007ffeb1b5c000 	C:\Windows\SYSTEM32\CRYPTBASE.dll
0x00007ffeb1670000 - 0x00007ffeb16ab000 	C:\Windows\SYSTEM32\IPHLPAPI.DLL
0x00007ffeb3b00000 - 0x00007ffeb3b08000 	C:\Windows\System32\NSI.dll
0x00007ffea6830000 - 0x00007ffea6847000 	C:\Windows\SYSTEM32\dhcpcsvc6.DLL
0x00007ffea6950000 - 0x00007ffea696d000 	C:\Windows\SYSTEM32\dhcpcsvc.DLL
0x00007ffeb16b0000 - 0x00007ffeb177c000 	C:\Windows\SYSTEM32\DNSAPI.dll
0x00007ffe9e390000 - 0x00007ffe9e3a2000 	C:\Program Files\Java\jdk1.8.0_202\jre\bin\nio.dll
0x00007ffeb3390000 - 0x00007ffeb3439000 	C:\Windows\System32\clbcatq.dll
0x00007ffeaa580000 - 0x00007ffeaa734000 	C:\Windows\SYSTEM32\WindowsCodecs.dll
0x00007ffe8d9a0000 - 0x00007ffe8d9de000 	C:\Windows\system32\dataexchange.dll
0x00007ffeae100000 - 0x00007ffeae364000 	C:\Windows\system32\d3d11.dll
0x00007ffeae930000 - 0x00007ffeaeb16000 	C:\Windows\system32\dcomp.dll
0x00007ffeb0af0000 - 0x00007ffeb0be4000 	C:\Windows\system32\dxgi.dll
0x00007ffeab510000 - 0x00007ffeab711000 	C:\Windows\system32\twinapi.appcore.dll
0x00007ffe817b0000 - 0x00007ffe817e4000 	C:\Program Files\Common Files\Microsoft Shared\Ink\rtscom.dll
0x00007ffea4570000 - 0x00007ffea4669000 	C:\Windows\SYSTEM32\textinputframework.dll
0x00007ffeaf200000 - 0x00007ffeaf2f2000 	C:\Windows\System32\CoreMessaging.dll
0x00007ffeaeb20000 - 0x00007ffeaee7e000 	C:\Windows\System32\CoreUIComponents.dll
0x00007ffeb25c0000 - 0x00007ffeb25f3000 	C:\Windows\SYSTEM32\ntmarta.dll
0x00007ffeadb40000 - 0x00007ffeadc94000 	C:\Windows\SYSTEM32\wintypes.dll
0x00007ffeb22f0000 - 0x00007ffeb24d4000 	C:\Windows\SYSTEM32\dbghelp.dll

VM Arguments:
jvm_args: -javaagent:C:\Users\Ejaz\AppData\Local\JetBrains\IntelliJ IDEA 2021.2\lib\idea_rt.jar=55882:C:\Users\Ejaz\AppData\Local\JetBrains\IntelliJ IDEA 2021.2\bin -Dfile.encoding=UTF-8 
java_command: sample.Application.Main
java_class_path (initial): C:\Program Files\Java\jdk1.8.0_202\jre\lib\charsets.jar;C:\Program Files\Java\jdk1.8.0_202\jre\lib\deploy.jar;C:\Program Files\Java\jdk1.8.0_202\jre\lib\ext\access-bridge-64.jar;C:\Program Files\Java\jdk1.8.0_202\jre\lib\ext\cldrdata.jar;C:\Program Files\Java\jdk1.8.0_202\jre\lib\ext\dnsns.jar;C:\Program Files\Java\jdk1.8.0_202\jre\lib\ext\jaccess.jar;C:\Program Files\Java\jdk1.8.0_202\jre\lib\ext\jfxrt.jar;C:\Program Files\Java\jdk1.8.0_202\jre\lib\ext\localedata.jar;C:\Program Files\Java\jdk1.8.0_202\jre\lib\ext\nashorn.jar;C:\Program Files\Java\jdk1.8.0_202\jre\lib\ext\sunec.jar;C:\Program Files\Java\jdk1.8.0_202\jre\lib\ext\sunjce_provider.jar;C:\Program Files\Java\jdk1.8.0_202\jre\lib\ext\sunmscapi.jar;C:\Program Files\Java\jdk1.8.0_202\jre\lib\ext\sunpkcs11.jar;C:\Program Files\Java\jdk1.8.0_202\jre\lib\ext\zipfs.jar;C:\Program Files\Java\jdk1.8.0_202\jre\lib\javaws.jar;C:\Program Files\Java\jdk1.8.0_202\jre\lib\jce.jar;C:\Program Files\Java\jdk1.8.0_202\jre\lib\jfr.jar;C:\Program Files\Java\jdk1.8.0_202\jre\lib\jfxswt.jar;C:\Program Files\Java\jdk1.8.0_202\jre\lib\jsse.jar;C:\Program Files\Java\jdk1.8.0_202\jre\lib\management-agent.jar;C:\Program Files\Java\jdk1.8.0_202\jre\lib\plugin.jar;C:\Program Files\Java\jdk1.8.0_202\jre\lib\resources.jar;C:\Program Files\Java\jdk1.8.0_202\jre\lib\rt.jar;C:\Users\Ejaz\Desktop\DepartmentalSoftware\out\production\DepartmentalSoftware;C:\Users\Ejaz\Desktop\DepartmentalSoftware\src\sample\Dependancy\mysql-connector-java-5.1.49.jar;C:\Users\Ejaz\Desktop\DepartmentalSoftware\src\sample\Dependancy\calendarfx\commons-codec-1.11.jar;C:\Users\Ejaz\Desktop\DepartmentalSoftware\src\sample\Dependancy\calendarfx\commons-collections4-4.1.jar;C:\Users\Ejaz\Desktop\DepartmentalSoftware\src\sample\Dependancy\calendarfx\commons-lang3-3.8.1.jar;C:\Users\Ejaz\Desktop\DepartmentalSoftware\src\sample\Dependancy\calendarfx\controlsfx-11.1.0.jar;C:\Users\Ejaz\Desktop\DepartmentalSoftware\src\sample\Dependancy\calend
Launcher Type: SUN_STANDARD

Environment Variables:
JAVA_HOME=C:\Program Files\Java\jre1.8.0_301\bin
PATH=C:\ProgramData\Oracle\Java\javapath;C:\Program Files (x86)\Common Files\Oracle\Java\javapath;C:\Windows\system32;C:\Windows;C:\Windows\System32\Wbem;C:\Windows\System32\WindowsPowerShell\v1.0\;C:\Windows\System32\OpenSSH\;C:\Program Files\Git\cmd;C:\Program Files\MySQL\MySQL Shell 8.0\bin\;C:\Users\Ejaz\AppData\Local\Microsoft\WindowsApps;C:\Users\Ejaz\AppData\Local\GitHubDesktop\bin
USERNAME=Ejaz
OS=Windows_NT
PROCESSOR_IDENTIFIER=Intel64 Family 6 Model 69 Stepping 1, GenuineIntel



---------------  S Y S T E M  ---------------

OS: Windows 10.0 , 64 bit Build 19041 (10.0.19041.1023)

CPU:total 4 (initial active 4) (2 cores per cpu, 2 threads per core) family 6 model 69 stepping 1, cmov, cx8, fxsr, mmx, sse, sse2, sse3, ssse3, sse4.1, sse4.2, popcnt, avx, avx2, aes, clmul, erms, lzcnt, ht, tsc, tscinvbit, bmi1, bmi2

Memory: 4k page, physical 8266860k(1847836k free), swap 20775020k(14017752k free)

vm_info: Java HotSpot(TM) 64-Bit Server VM (25.202-b08) for windows-amd64 JRE (1.8.0_202-b08), built on Dec 15 2018 19:54:30 by "java_re" with MS VC++ 10.0 (VS2010)

time: Thu Aug 19 10:31:05 2021
timezone: Pakistan Standard Time
elapsed time: 3 seconds (0d 0h 0m 3s)

